

Microchip Technology PIC18 LITE Macro Assembler V1.38 build -256452561 
                                                                                               Sat Sep 10 06:00:29 2016

Microchip Technology Omniscient Code Generator v1.38 (Free mode) build 201607010351
     1                           	processor	18F45K20
     2                           	fnconf	rparam,??,?,0
     3                           	opt	pw 120
     4                           	opt	lm
     5                           	psect	idataCOMRAM,global,class=CODE,delta=1
     6                           	psect	cinit,global,reloc=2,class=CODE,delta=1
     7                           	psect	bssCOMRAM,global,class=COMRAM,space=1,delta=1
     8                           	psect	dataCOMRAM,global,class=COMRAM,space=1,delta=1
     9                           	psect	cstackCOMRAM,global,class=COMRAM,space=1,delta=1
    10                           	psect	text0,global,reloc=2,class=CODE,delta=1
    11                           	psect	text1,global,reloc=2,class=CODE,delta=1
    12                           	psect	text2,global,reloc=2,class=CODE,delta=1
    13                           	psect	text3,global,reloc=2,class=CODE,delta=1
    14                           	psect	text4,global,reloc=2,class=CODE,delta=1
    15                           	psect	intcode,global,reloc=2,class=CODE,delta=1
    16                           	psect	text6,global,reloc=2,class=CODE,delta=1
    17                           	psect	intsave_regs,global,class=BIGRAM,space=1,delta=1
    18                           	psect	rparam,global,class=COMRAM,space=1,delta=1
    19                           	psect	temp,global,ovrld,common,class=COMRAM,space=1,delta=1
    20  0000                     
    21                           	psect	idataCOMRAM
    22  000406                     __pidataCOMRAM:
    23                           	opt stack 0
    24                           
    25                           ;initializer for _max_cicle
    26  000406  0014               	dw	20
    27                           
    28                           ;initializer for _off_duty
    29  000408  0001               	dw	1
    30  0000                     _INTCONbits	set	4082
    31  0000                     _PORTBbits	set	3969
    32  0000                     _PORTCbits	set	3970
    33  0000                     _T0CONbits	set	4053
    34  0000                     _LATD0	set	31840
    35  0000                     _LATD1	set	31841
    36  0000                     _LATD2	set	31842
    37  0000                     _LATD4	set	31844
    38  0000                     _LATD5	set	31845
    39  0000                     _LATD6	set	31846
    40  0000                     _LATD7	set	31847
    41  0000                     _TRISB1	set	31897
    42  0000                     _TRISB2	set	31898
    43  0000                     _TRISB3	set	31899
    44  0000                     _TRISC5	set	31909
    45  0000                     _TRISC6	set	31910
    46  0000                     _TRISC7	set	31911
    47  0000                     _TRISD0	set	31912
    48  0000                     _TRISD1	set	31913
    49  0000                     _TRISD2	set	31914
    50  0000                     _TRISD3	set	31915
    51  0000                     _TRISD4	set	31916
    52  0000                     _TRISD5	set	31917
    53  0000                     _TRISD6	set	31918
    54  0000                     _TRISD7	set	31919
    55                           
    56                           ; #config settings
    57  0000                     
    58                           	psect	cinit
    59  000366                     __pcinit:
    60                           	opt stack 0
    61  000366                     start_initialization:
    62                           	opt stack 0
    63  000366                     __initialization:
    64                           	opt stack 0
    65                           
    66                           ; Initialize objects allocated to COMRAM (4 bytes)
    67                           ; load TBLPTR registers with __pidataCOMRAM
    68  000366  0E06               	movlw	low __pidataCOMRAM
    69  000368  6EF6               	movwf	tblptrl,c
    70  00036A  0E04               	movlw	high __pidataCOMRAM
    71  00036C  6EF7               	movwf	tblptrh,c
    72  00036E  0E00               	movlw	low (__pidataCOMRAM shr (0+16))
    73  000370  6EF8               	movwf	tblptru,c
    74  000372  EE00  F024         	lfsr	0,__pdataCOMRAM
    75  000376  EE10 F004          	lfsr	1,4
    76  00037A                     copy_data0:
    77  00037A  0009               	tblrd		*+
    78  00037C  CFF5 FFEE          	movff	tablat,postinc0
    79  000380  50E5               	movf	postdec1,w,c
    80  000382  50E1               	movf	fsr1l,w,c
    81  000384  E1FA               	bnz	copy_data0
    82                           
    83                           ; Clear objects allocated to COMRAM (4 bytes)
    84  000386  6A23               	clrf	(__pbssCOMRAM+3)& (0+255),c
    85  000388  6A22               	clrf	(__pbssCOMRAM+2)& (0+255),c
    86  00038A  6A21               	clrf	(__pbssCOMRAM+1)& (0+255),c
    87  00038C  6A20               	clrf	__pbssCOMRAM& (0+255),c
    88  00038E                     end_of_initialization:
    89                           	opt stack 0
    90  00038E                     __end_of__initialization:
    91                           	opt stack 0
    92  00038E  9028               	bcf	int$flags,0,c	;clear compiler interrupt flag (level 1)
    93  000390  9228               	bcf	int$flags,1,c	;clear compiler interrupt flag (level 2)
    94  000392  0E00               	movlw	low (__Lmediumconst shr (0+16))
    95  000394  6EF8               	movwf	tblptru,c
    96  000396  0100               	movlb	0
    97  000398  EF67  F000         	goto	_main	;jump to C main() function
    98                           tblptru	equ	0xFF8
    99                           tblptrh	equ	0xFF7
   100                           tblptrl	equ	0xFF6
   101                           tablat	equ	0xFF5
   102                           postinc0	equ	0xFEE
   103                           postdec1	equ	0xFE5
   104                           fsr1l	equ	0xFE1
   105                           
   106                           	psect	bssCOMRAM
   107  000020                     __pbssCOMRAM:
   108                           	opt stack 0
   109  000020                     _count:
   110                           	opt stack 0
   111  000020                     	ds	2
   112  000022                     _velocidade:
   113                           	opt stack 0
   114  000022                     	ds	2
   115                           tblptru	equ	0xFF8
   116                           tblptrh	equ	0xFF7
   117                           tblptrl	equ	0xFF6
   118                           tablat	equ	0xFF5
   119                           postinc0	equ	0xFEE
   120                           postdec1	equ	0xFE5
   121                           fsr1l	equ	0xFE1
   122                           
   123                           	psect	dataCOMRAM
   124  000024                     __pdataCOMRAM:
   125                           	opt stack 0
   126  000024                     _max_cicle:
   127                           	opt stack 0
   128  000024                     	ds	2
   129  000026                     _off_duty:
   130                           	opt stack 0
   131  000026                     	ds	2
   132                           tblptru	equ	0xFF8
   133                           tblptrh	equ	0xFF7
   134                           tblptrl	equ	0xFF6
   135                           tablat	equ	0xFF5
   136                           postinc0	equ	0xFEE
   137                           postdec1	equ	0xFE5
   138                           fsr1l	equ	0xFE1
   139                           
   140                           	psect	cstackCOMRAM
   141  000001                     __pcstackCOMRAM:
   142                           	opt stack 0
   143  000001                     ?___awmod:
   144                           	opt stack 0
   145  000001                     ___awmod@dividend:
   146                           	opt stack 0
   147                           
   148                           ; 2 bytes @ 0x0
   149  000001                     	ds	2
   150  000003                     ___awmod@divisor:
   151                           	opt stack 0
   152                           
   153                           ; 2 bytes @ 0x2
   154  000003                     	ds	2
   155  000005                     ___awmod@counter:
   156                           	opt stack 0
   157                           
   158                           ; 1 bytes @ 0x4
   159  000005                     	ds	1
   160  000006                     ___awmod@sign:
   161                           	opt stack 0
   162                           
   163                           ; 1 bytes @ 0x5
   164  000006                     	ds	1
   165  000007                     ??_tc_int:
   166                           
   167                           ; 1 bytes @ 0x6
   168  000007                     	ds	14
   169  000015                     delayX@n:
   170                           	opt stack 0
   171  000015                     SetPWM@status:
   172                           	opt stack 0
   173  000015                     Direction@dir:
   174                           	opt stack 0
   175                           
   176                           ; 2 bytes @ 0x14
   177  000015                     	ds	2
   178  000017                     ??_delayX:
   179  000017                     ??_Direction:
   180  000017                     SetPWM@velocidade:
   181                           	opt stack 0
   182                           
   183                           ; 2 bytes @ 0x16
   184  000017                     	ds	1
   185  000018                     delayX@i:
   186                           	opt stack 0
   187                           
   188                           ; 2 bytes @ 0x17
   189  000018                     	ds	1
   190  000019                     ??_SetPWM:
   191                           
   192                           ; 1 bytes @ 0x18
   193  000019                     	ds	2
   194  00001B                     
   195                           ; 2 bytes @ 0x1A
   196  00001B                     	ds	2
   197  00001D                     
   198                           ; 3 bytes @ 0x1C
   199  00001D                     	ds	3
   200  000020                     tblptru	equ	0xFF8
   201                           tblptrh	equ	0xFF7
   202                           tblptrl	equ	0xFF6
   203                           tablat	equ	0xFF5
   204                           postinc0	equ	0xFEE
   205                           postdec1	equ	0xFE5
   206                           fsr1l	equ	0xFE1
   207                           
   208                           ; 1 bytes @ 0x1F
   209 ;;
   210 ;;Main: autosize = 0, tempsize = 0, incstack = 0, save=0
   211 ;;
   212 ;; *************** function _main *****************
   213 ;; Defined at:
   214 ;;		line 247 in file "PWMcomTimerV2.c"
   215 ;; Parameters:    Size  Location     Type
   216 ;;  argc            2   26[COMRAM] int 
   217 ;;  argv            3   28[COMRAM] PTR PTR unsigned char 
   218 ;; Auto vars:     Size  Location     Type
   219 ;;		None
   220 ;; Return value:  Size  Location     Type
   221 ;;                  2   26[COMRAM] int 
   222 ;; Registers used:
   223 ;;		wreg, status,2, status,0, cstack
   224 ;; Tracked objects:
   225 ;;		On entry : 0/0
   226 ;;		On exit  : 0/0
   227 ;;		Unchanged: 0/0
   228 ;; Data sizes:     COMRAM   BANK0   BANK1   BANK2   BANK3   BANK4   BANK5
   229 ;;      Params:         5       0       0       0       0       0       0
   230 ;;      Locals:         0       0       0       0       0       0       0
   231 ;;      Temps:          0       0       0       0       0       0       0
   232 ;;      Totals:         5       0       0       0       0       0       0
   233 ;;Total ram usage:        5 bytes
   234 ;; Hardware stack levels required when called:    3
   235 ;; This function calls:
   236 ;;		_Direction
   237 ;;		_SetPWM
   238 ;;		_delayX
   239 ;;		_setup
   240 ;; This function is called by:
   241 ;;		Startup code after reset
   242 ;; This function uses a non-reentrant model
   243 ;;
   244                           
   245                           	psect	text0
   246  0000CE                     __ptext0:
   247                           	opt stack 0
   248  0000CE                     _main:
   249                           	opt stack 28
   250                           
   251                           ;PWMcomTimerV2.c: 249: setup();
   252                           
   253                           ;incstack = 0
   254  0000CE  ECE9  F001         	call	_setup	;wreg free
   255  0000D2                     l912:
   256                           
   257                           ;PWMcomTimerV2.c: 252: {
   258                           ;PWMcomTimerV2.c: 253: if(PORTCbits.RC5 == 0)
   259  0000D2  BA82               	btfsc	3970,5,c	;volatile
   260  0000D4  D7FE               	goto	l912
   261                           
   262                           ;PWMcomTimerV2.c: 254: {
   263                           ;PWMcomTimerV2.c: 255: Direction(frente);
   264  0000D6  0E00               	movlw	0
   265  0000D8  6E16               	movwf	Direction@dir+1,c
   266  0000DA  0E00               	movlw	0
   267  0000DC  6E15               	movwf	Direction@dir,c
   268  0000DE  EC40  F001         	call	_Direction	;wreg free
   269                           
   270                           ;PWMcomTimerV2.c: 256: SetPWM(1,1);
   271  0000E2  0E00               	movlw	0
   272  0000E4  6E16               	movwf	SetPWM@status+1,c
   273  0000E6  0E01               	movlw	1
   274  0000E8  6E15               	movwf	SetPWM@status,c
   275  0000EA  0E00               	movlw	0
   276  0000EC  6E18               	movwf	SetPWM@velocidade+1,c
   277  0000EE  0E01               	movlw	1
   278  0000F0  6E17               	movwf	SetPWM@velocidade,c
   279  0000F2  EC04  F001         	call	_SetPWM	;wreg free
   280                           
   281                           ;PWMcomTimerV2.c: 257: delayX(150);
   282  0000F6  0E00               	movlw	0
   283  0000F8  6E16               	movwf	delayX@n+1,c
   284  0000FA  0E96               	movlw	150
   285  0000FC  6E15               	movwf	delayX@n,c
   286  0000FE  ECCE  F001         	call	_delayX	;wreg free
   287                           
   288                           ;PWMcomTimerV2.c: 259: SetPWM(0,3);
   289  000102  0E00               	movlw	0
   290  000104  6E16               	movwf	SetPWM@status+1,c
   291  000106  0E00               	movlw	0
   292  000108  6E15               	movwf	SetPWM@status,c
   293  00010A  0E00               	movlw	0
   294  00010C  6E18               	movwf	SetPWM@velocidade+1,c
   295  00010E  0E03               	movlw	3
   296  000110  6E17               	movwf	SetPWM@velocidade,c
   297  000112  EC04  F001         	call	_SetPWM	;wreg free
   298                           
   299                           ;PWMcomTimerV2.c: 260: delayX(50);
   300  000116  0E00               	movlw	0
   301  000118  6E16               	movwf	delayX@n+1,c
   302  00011A  0E32               	movlw	50
   303  00011C  6E15               	movwf	delayX@n,c
   304  00011E  ECCE  F001         	call	_delayX	;wreg free
   305                           
   306                           ;PWMcomTimerV2.c: 262: Direction(tras);
   307  000122  0E00               	movlw	0
   308  000124  6E16               	movwf	Direction@dir+1,c
   309  000126  0E01               	movlw	1
   310  000128  6E15               	movwf	Direction@dir,c
   311  00012A  EC40  F001         	call	_Direction	;wreg free
   312                           
   313                           ;PWMcomTimerV2.c: 263: SetPWM(1,2);
   314  00012E  0E00               	movlw	0
   315  000130  6E16               	movwf	SetPWM@status+1,c
   316  000132  0E01               	movlw	1
   317  000134  6E15               	movwf	SetPWM@status,c
   318  000136  0E00               	movlw	0
   319  000138  6E18               	movwf	SetPWM@velocidade+1,c
   320  00013A  0E02               	movlw	2
   321  00013C  6E17               	movwf	SetPWM@velocidade,c
   322  00013E  EC04  F001         	call	_SetPWM	;wreg free
   323                           
   324                           ;PWMcomTimerV2.c: 264: delayX(150);
   325  000142  0E00               	movlw	0
   326  000144  6E16               	movwf	delayX@n+1,c
   327  000146  0E96               	movlw	150
   328  000148  6E15               	movwf	delayX@n,c
   329  00014A  ECCE  F001         	call	_delayX	;wreg free
   330                           
   331                           ;PWMcomTimerV2.c: 266: SetPWM(0,3);
   332  00014E  0E00               	movlw	0
   333  000150  6E16               	movwf	SetPWM@status+1,c
   334  000152  0E00               	movlw	0
   335  000154  6E15               	movwf	SetPWM@status,c
   336  000156  0E00               	movlw	0
   337  000158  6E18               	movwf	SetPWM@velocidade+1,c
   338  00015A  0E03               	movlw	3
   339  00015C  6E17               	movwf	SetPWM@velocidade,c
   340  00015E  EC04  F001         	call	_SetPWM	;wreg free
   341                           
   342                           ;PWMcomTimerV2.c: 267: delayX(50);
   343  000162  0E00               	movlw	0
   344  000164  6E16               	movwf	delayX@n+1,c
   345  000166  0E32               	movlw	50
   346  000168  6E15               	movwf	delayX@n,c
   347  00016A  ECCE  F001         	call	_delayX	;wreg free
   348                           
   349                           ;PWMcomTimerV2.c: 269: Direction(esquerda);
   350  00016E  0E00               	movlw	0
   351  000170  6E16               	movwf	Direction@dir+1,c
   352  000172  0E02               	movlw	2
   353  000174  6E15               	movwf	Direction@dir,c
   354  000176  EC40  F001         	call	_Direction	;wreg free
   355                           
   356                           ;PWMcomTimerV2.c: 270: SetPWM(1,3);
   357  00017A  0E00               	movlw	0
   358  00017C  6E16               	movwf	SetPWM@status+1,c
   359  00017E  0E01               	movlw	1
   360  000180  6E15               	movwf	SetPWM@status,c
   361  000182  0E00               	movlw	0
   362  000184  6E18               	movwf	SetPWM@velocidade+1,c
   363  000186  0E03               	movlw	3
   364  000188  6E17               	movwf	SetPWM@velocidade,c
   365  00018A  EC04  F001         	call	_SetPWM	;wreg free
   366                           
   367                           ;PWMcomTimerV2.c: 271: delayX(100);
   368  00018E  0E00               	movlw	0
   369  000190  6E16               	movwf	delayX@n+1,c
   370  000192  0E64               	movlw	100
   371  000194  6E15               	movwf	delayX@n,c
   372  000196  ECCE  F001         	call	_delayX	;wreg free
   373                           
   374                           ;PWMcomTimerV2.c: 273: SetPWM(0,3);
   375  00019A  0E00               	movlw	0
   376  00019C  6E16               	movwf	SetPWM@status+1,c
   377  00019E  0E00               	movlw	0
   378  0001A0  6E15               	movwf	SetPWM@status,c
   379  0001A2  0E00               	movlw	0
   380  0001A4  6E18               	movwf	SetPWM@velocidade+1,c
   381  0001A6  0E03               	movlw	3
   382  0001A8  6E17               	movwf	SetPWM@velocidade,c
   383  0001AA  EC04  F001         	call	_SetPWM	;wreg free
   384                           
   385                           ;PWMcomTimerV2.c: 274: delayX(50);
   386  0001AE  0E00               	movlw	0
   387  0001B0  6E16               	movwf	delayX@n+1,c
   388  0001B2  0E32               	movlw	50
   389  0001B4  6E15               	movwf	delayX@n,c
   390  0001B6  ECCE  F001         	call	_delayX	;wreg free
   391                           
   392                           ;PWMcomTimerV2.c: 276: Direction(direita);
   393  0001BA  0E00               	movlw	0
   394  0001BC  6E16               	movwf	Direction@dir+1,c
   395  0001BE  0E03               	movlw	3
   396  0001C0  6E15               	movwf	Direction@dir,c
   397  0001C2  EC40  F001         	call	_Direction	;wreg free
   398                           
   399                           ;PWMcomTimerV2.c: 277: SetPWM(1,1);
   400  0001C6  0E00               	movlw	0
   401  0001C8  6E16               	movwf	SetPWM@status+1,c
   402  0001CA  0E01               	movlw	1
   403  0001CC  6E15               	movwf	SetPWM@status,c
   404  0001CE  0E00               	movlw	0
   405  0001D0  6E18               	movwf	SetPWM@velocidade+1,c
   406  0001D2  0E01               	movlw	1
   407  0001D4  6E17               	movwf	SetPWM@velocidade,c
   408  0001D6  EC04  F001         	call	_SetPWM	;wreg free
   409                           
   410                           ;PWMcomTimerV2.c: 278: delayX(100);
   411  0001DA  0E00               	movlw	0
   412  0001DC  6E16               	movwf	delayX@n+1,c
   413  0001DE  0E64               	movlw	100
   414  0001E0  6E15               	movwf	delayX@n,c
   415  0001E2  ECCE  F001         	call	_delayX	;wreg free
   416                           
   417                           ;PWMcomTimerV2.c: 280: SetPWM(0,3);
   418  0001E6  0E00               	movlw	0
   419  0001E8  6E16               	movwf	SetPWM@status+1,c
   420  0001EA  0E00               	movlw	0
   421  0001EC  6E15               	movwf	SetPWM@status,c
   422  0001EE  0E00               	movlw	0
   423  0001F0  6E18               	movwf	SetPWM@velocidade+1,c
   424  0001F2  0E03               	movlw	3
   425  0001F4  6E17               	movwf	SetPWM@velocidade,c
   426  0001F6  EC04  F001         	call	_SetPWM	;wreg free
   427                           
   428                           ;PWMcomTimerV2.c: 281: delayX(50);
   429  0001FA  0E00               	movlw	0
   430  0001FC  6E16               	movwf	delayX@n+1,c
   431  0001FE  0E32               	movlw	50
   432  000200  6E15               	movwf	delayX@n,c
   433  000202  ECCE  F001         	call	_delayX	;wreg free
   434  000206  D765               	goto	l912
   435  000208                     __end_of_main:
   436                           	opt stack 0
   437                           tblptru	equ	0xFF8
   438                           tblptrh	equ	0xFF7
   439                           tblptrl	equ	0xFF6
   440                           tablat	equ	0xFF5
   441                           postinc0	equ	0xFEE
   442                           postdec1	equ	0xFE5
   443                           fsr1l	equ	0xFE1
   444                           
   445 ;; *************** function _setup *****************
   446 ;; Defined at:
   447 ;;		line 95 in file "PWMcomTimerV2.c"
   448 ;; Parameters:    Size  Location     Type
   449 ;;		None
   450 ;; Auto vars:     Size  Location     Type
   451 ;;		None
   452 ;; Return value:  Size  Location     Type
   453 ;;                  1    wreg      void 
   454 ;; Registers used:
   455 ;;		None
   456 ;; Tracked objects:
   457 ;;		On entry : 0/0
   458 ;;		On exit  : 0/0
   459 ;;		Unchanged: 0/0
   460 ;; Data sizes:     COMRAM   BANK0   BANK1   BANK2   BANK3   BANK4   BANK5
   461 ;;      Params:         0       0       0       0       0       0       0
   462 ;;      Locals:         0       0       0       0       0       0       0
   463 ;;      Temps:          0       0       0       0       0       0       0
   464 ;;      Totals:         0       0       0       0       0       0       0
   465 ;;Total ram usage:        0 bytes
   466 ;; Hardware stack levels used:    1
   467 ;; Hardware stack levels required when called:    2
   468 ;; This function calls:
   469 ;;		Nothing
   470 ;; This function is called by:
   471 ;;		_main
   472 ;; This function uses a non-reentrant model
   473 ;;
   474                           
   475                           	psect	text1
   476  0003D2                     __ptext1:
   477                           	opt stack 0
   478  0003D2                     _setup:
   479                           	opt stack 28
   480                           
   481                           ;PWMcomTimerV2.c: 98: T0CONbits.TMR0ON = 0;
   482                           
   483                           ;incstack = 0
   484  0003D2  9ED5               	bcf	4053,7,c	;volatile
   485                           
   486                           ;PWMcomTimerV2.c: 99: T0CONbits.T0CS = 0;
   487  0003D4  9AD5               	bcf	4053,5,c	;volatile
   488                           
   489                           ;PWMcomTimerV2.c: 100: T0CONbits.PSA = 0;
   490  0003D6  96D5               	bcf	4053,3,c	;volatile
   491                           
   492                           ;PWMcomTimerV2.c: 101: T0CONbits.T0PS0 = 0;
   493  0003D8  90D5               	bcf	4053,0,c	;volatile
   494                           
   495                           ;PWMcomTimerV2.c: 102: T0CONbits.T0PS1 = 0;
   496  0003DA  92D5               	bcf	4053,1,c	;volatile
   497                           
   498                           ;PWMcomTimerV2.c: 103: T0CONbits.T0PS2 = 0;
   499  0003DC  94D5               	bcf	4053,2,c	;volatile
   500                           
   501                           ;PWMcomTimerV2.c: 104: T0CONbits.T08BIT = 1;
   502  0003DE  8CD5               	bsf	4053,6,c	;volatile
   503                           
   504                           ;PWMcomTimerV2.c: 105: T0CONbits.T0SE = 0;
   505  0003E0  98D5               	bcf	4053,4,c	;volatile
   506                           
   507                           ;PWMcomTimerV2.c: 107: INTCONbits.TMR0IE = 1;
   508  0003E2  8AF2               	bsf	intcon,5,c	;volatile
   509                           
   510                           ;PWMcomTimerV2.c: 108: INTCONbits.TMR0IF = 0;
   511  0003E4  94F2               	bcf	intcon,2,c	;volatile
   512                           
   513                           ;PWMcomTimerV2.c: 109: INTCONbits.GIE = 1;
   514  0003E6  8EF2               	bsf	intcon,7,c	;volatile
   515                           
   516                           ;PWMcomTimerV2.c: 111: TRISD7 = 0;
   517  0003E8  9E95               	bcf	3989,7,c	;volatile
   518                           
   519                           ;PWMcomTimerV2.c: 112: TRISD6 = 0;
   520  0003EA  9C95               	bcf	3989,6,c	;volatile
   521                           
   522                           ;PWMcomTimerV2.c: 113: TRISD5 = 0;
   523  0003EC  9A95               	bcf	3989,5,c	;volatile
   524                           
   525                           ;PWMcomTimerV2.c: 114: TRISD4 = 0;
   526  0003EE  9895               	bcf	3989,4,c	;volatile
   527                           
   528                           ;PWMcomTimerV2.c: 115: TRISD3 = 0;
   529  0003F0  9695               	bcf	3989,3,c	;volatile
   530                           
   531                           ;PWMcomTimerV2.c: 116: TRISD2 = 0;
   532  0003F2  9495               	bcf	3989,2,c	;volatile
   533                           
   534                           ;PWMcomTimerV2.c: 117: TRISD1 = 0;
   535  0003F4  9295               	bcf	3989,1,c	;volatile
   536                           
   537                           ;PWMcomTimerV2.c: 118: TRISD0 = 0;
   538  0003F6  9095               	bcf	3989,0,c	;volatile
   539                           
   540                           ;PWMcomTimerV2.c: 120: TRISC5 = 1;
   541  0003F8  8A94               	bsf	3988,5,c	;volatile
   542                           
   543                           ;PWMcomTimerV2.c: 122: TRISC6 = 0;
   544  0003FA  9C94               	bcf	3988,6,c	;volatile
   545                           
   546                           ;PWMcomTimerV2.c: 124: TRISB2 = 0;
   547  0003FC  9493               	bcf	3987,2,c	;volatile
   548                           
   549                           ;PWMcomTimerV2.c: 125: TRISB3 = 0;
   550  0003FE  9693               	bcf	3987,3,c	;volatile
   551                           
   552                           ;PWMcomTimerV2.c: 127: TRISB1 = 0;
   553  000400  9293               	bcf	3987,1,c	;volatile
   554                           
   555                           ;PWMcomTimerV2.c: 128: TRISC7 = 0;
   556  000402  9E94               	bcf	3988,7,c	;volatile
   557  000404  0012               	return		;funcret
   558  000406                     __end_of_setup:
   559                           	opt stack 0
   560                           tblptru	equ	0xFF8
   561                           tblptrh	equ	0xFF7
   562                           tblptrl	equ	0xFF6
   563                           tablat	equ	0xFF5
   564                           intcon	equ	0xFF2
   565                           postinc0	equ	0xFEE
   566                           postdec1	equ	0xFE5
   567                           fsr1l	equ	0xFE1
   568                           
   569 ;; *************** function _delayX *****************
   570 ;; Defined at:
   571 ;;		line 133 in file "PWMcomTimerV2.c"
   572 ;; Parameters:    Size  Location     Type
   573 ;;  n               2   20[COMRAM] int 
   574 ;; Auto vars:     Size  Location     Type
   575 ;;  i               2   23[COMRAM] int 
   576 ;; Return value:  Size  Location     Type
   577 ;;                  1    wreg      void 
   578 ;; Registers used:
   579 ;;		wreg, status,2, status,0
   580 ;; Tracked objects:
   581 ;;		On entry : 0/0
   582 ;;		On exit  : 0/0
   583 ;;		Unchanged: 0/0
   584 ;; Data sizes:     COMRAM   BANK0   BANK1   BANK2   BANK3   BANK4   BANK5
   585 ;;      Params:         2       0       0       0       0       0       0
   586 ;;      Locals:         2       0       0       0       0       0       0
   587 ;;      Temps:          1       0       0       0       0       0       0
   588 ;;      Totals:         5       0       0       0       0       0       0
   589 ;;Total ram usage:        5 bytes
   590 ;; Hardware stack levels used:    1
   591 ;; Hardware stack levels required when called:    2
   592 ;; This function calls:
   593 ;;		Nothing
   594 ;; This function is called by:
   595 ;;		_main
   596 ;; This function uses a non-reentrant model
   597 ;;
   598                           
   599                           	psect	text2
   600  00039C                     __ptext2:
   601                           	opt stack 0
   602  00039C                     _delayX:
   603                           	opt stack 28
   604                           
   605                           ;PWMcomTimerV2.c: 135: for(int i = 0; i < n; i++)
   606                           
   607                           ;incstack = 0
   608  00039C  0E00               	movlw	0
   609  00039E  6E19               	movwf	delayX@i+1,c
   610  0003A0  0E00               	movlw	0
   611  0003A2  6E18               	movwf	delayX@i,c
   612  0003A4  D00B               	goto	l66
   613  0003A6                     l824:
   614                           
   615                           ;PWMcomTimerV2.c: 136: _delay((unsigned long)((1)*(16000000/4000.0)));
   616  0003A6  0E06               	movlw	6
   617  0003A8  6E17               	movwf	??_delayX& (0+255),c
   618  0003AA  0E30               	movlw	48
   619  0003AC                     u277:
   620  0003AC  2EE8               	decfsz	wreg,f,c
   621  0003AE  D7FE               	goto	u277
   622  0003B0  2E17               	decfsz	??_delayX& (0+255),f,c
   623  0003B2  D7FC               	goto	u277
   624  0003B4  F000 F000          	nop2	
   625  0003B8  4A18               	infsnz	delayX@i,f,c
   626  0003BA  2A19               	incf	delayX@i+1,f,c
   627  0003BC                     l66:
   628  0003BC  5015               	movf	delayX@n,w,c
   629  0003BE  5C18               	subwf	delayX@i,w,c
   630  0003C0  5019               	movf	delayX@i+1,w,c
   631  0003C2  0A80               	xorlw	128
   632  0003C4  6E17               	movwf	??_delayX& (0+255),c
   633  0003C6  5016               	movf	delayX@n+1,w,c
   634  0003C8  0A80               	xorlw	128
   635  0003CA  5817               	subwfb	??_delayX& (0+255),w,c
   636  0003CC  B0D8               	btfsc	status,0,c
   637  0003CE  0012               	return	
   638  0003D0  D7EA               	goto	l824
   639  0003D2                     __end_of_delayX:
   640                           	opt stack 0
   641                           tblptru	equ	0xFF8
   642                           tblptrh	equ	0xFF7
   643                           tblptrl	equ	0xFF6
   644                           tablat	equ	0xFF5
   645                           intcon	equ	0xFF2
   646                           postinc0	equ	0xFEE
   647                           wreg	equ	0xFE8
   648                           postdec1	equ	0xFE5
   649                           fsr1l	equ	0xFE1
   650                           status	equ	0xFD8
   651                           
   652 ;; *************** function _SetPWM *****************
   653 ;; Defined at:
   654 ;;		line 141 in file "PWMcomTimerV2.c"
   655 ;; Parameters:    Size  Location     Type
   656 ;;  status          2   20[COMRAM] int 
   657 ;;  velocidade      2   22[COMRAM] int 
   658 ;; Auto vars:     Size  Location     Type
   659 ;;		None
   660 ;; Return value:  Size  Location     Type
   661 ;;                  1    wreg      void 
   662 ;; Registers used:
   663 ;;		wreg, status,2, status,0
   664 ;; Tracked objects:
   665 ;;		On entry : 0/0
   666 ;;		On exit  : 0/0
   667 ;;		Unchanged: 0/0
   668 ;; Data sizes:     COMRAM   BANK0   BANK1   BANK2   BANK3   BANK4   BANK5
   669 ;;      Params:         4       0       0       0       0       0       0
   670 ;;      Locals:         0       0       0       0       0       0       0
   671 ;;      Temps:          2       0       0       0       0       0       0
   672 ;;      Totals:         6       0       0       0       0       0       0
   673 ;;Total ram usage:        6 bytes
   674 ;; Hardware stack levels used:    1
   675 ;; Hardware stack levels required when called:    2
   676 ;; This function calls:
   677 ;;		Nothing
   678 ;; This function is called by:
   679 ;;		_main
   680 ;; This function uses a non-reentrant model
   681 ;;
   682                           
   683                           	psect	text3
   684  000208                     __ptext3:
   685                           	opt stack 0
   686  000208                     _SetPWM:
   687                           	opt stack 28
   688                           
   689                           ;PWMcomTimerV2.c: 143: if(status == 1)
   690                           
   691                           ;incstack = 0
   692  000208  0415               	decf	SetPWM@status,w,c
   693  00020A  1016               	iorwf	SetPWM@status+1,w,c
   694  00020C  A4D8               	btfss	status,2,c
   695  00020E  D031               	goto	l72
   696                           
   697                           ;PWMcomTimerV2.c: 144: {
   698                           ;PWMcomTimerV2.c: 145: T0CONbits.TMR0ON = 1;
   699  000210  8ED5               	bsf	4053,7,c	;volatile
   700                           
   701                           ;PWMcomTimerV2.c: 147: switch(velocidade)
   702  000212  D01C               	goto	l858
   703  000214                     l832:
   704                           
   705                           ;PWMcomTimerV2.c: 150: off_duty = 15;
   706  000214  0E00               	movlw	0
   707  000216  6E27               	movwf	_off_duty+1,c
   708  000218  0E0F               	movlw	15
   709  00021A  6E26               	movwf	_off_duty,c
   710                           
   711                           ;PWMcomTimerV2.c: 151: LATD0 = 1;
   712  00021C  808C               	bsf	3980,0,c	;volatile
   713                           
   714                           ;PWMcomTimerV2.c: 152: LATD1 = 0;
   715  00021E  928C               	bcf	3980,1,c	;volatile
   716                           
   717                           ;PWMcomTimerV2.c: 153: break;
   718  000220  0012               	return	
   719  000222                     l838:
   720                           
   721                           ;PWMcomTimerV2.c: 156: off_duty = 7;
   722  000222  0E00               	movlw	0
   723  000224  6E27               	movwf	_off_duty+1,c
   724  000226  0E07               	movlw	7
   725  000228  6E26               	movwf	_off_duty,c
   726                           
   727                           ;PWMcomTimerV2.c: 157: LATD0 = 0;
   728  00022A  908C               	bcf	3980,0,c	;volatile
   729                           
   730                           ;PWMcomTimerV2.c: 158: LATD1 = 1;
   731  00022C  828C               	bsf	3980,1,c	;volatile
   732                           
   733                           ;PWMcomTimerV2.c: 159: break;
   734  00022E  0012               	return	
   735  000230                     l844:
   736                           
   737                           ;PWMcomTimerV2.c: 162: off_duty = 1;
   738  000230  0E00               	movlw	0
   739  000232  6E27               	movwf	_off_duty+1,c
   740  000234  0E01               	movlw	1
   741  000236  6E26               	movwf	_off_duty,c
   742                           
   743                           ;PWMcomTimerV2.c: 163: LATD0 = 1;
   744  000238  808C               	bsf	3980,0,c	;volatile
   745                           
   746                           ;PWMcomTimerV2.c: 164: LATD1 = 1;
   747  00023A  828C               	bsf	3980,1,c	;volatile
   748                           
   749                           ;PWMcomTimerV2.c: 165: break;
   750  00023C  0012               	return	
   751  00023E                     l850:
   752                           
   753                           ;PWMcomTimerV2.c: 168: off_duty = 1;
   754  00023E  0E00               	movlw	0
   755  000240  6E27               	movwf	_off_duty+1,c
   756  000242  0E01               	movlw	1
   757  000244  6E26               	movwf	_off_duty,c
   758                           
   759                           ;PWMcomTimerV2.c: 169: LATD0 = 1;
   760  000246  808C               	bsf	3980,0,c	;volatile
   761                           
   762                           ;PWMcomTimerV2.c: 170: LATD1 = 1;
   763  000248  828C               	bsf	3980,1,c	;volatile
   764                           
   765                           ;PWMcomTimerV2.c: 172: }
   766                           
   767                           ;PWMcomTimerV2.c: 171: break;
   768  00024A  0012               	return	
   769  00024C                     l858:
   770  00024C  C017  F019         	movff	SetPWM@velocidade,??_SetPWM
   771  000250  C018  F01A         	movff	SetPWM@velocidade+1,??_SetPWM+1
   772                           
   773                           ; Switch on 2 bytes has been partitioned into a top level switch of size 1, and 1 sub-sw
      +                          itches
   774                           ; Switch size 1, requested type "space"
   775                           ; Number of cases is 1, Range of values is 0 to 0
   776                           ; switch strategies available:
   777                           ; Name         Instructions Cycles
   778                           ; simple_byte            4     3 (average)
   779                           ;	Chosen strategy is simple_byte
   780  000254  501A               	movf	??_SetPWM+1,w,c
   781  000256  0A00               	xorlw	0	; case 0
   782  000258  A4D8               	btfss	status,2,c
   783  00025A  D7F1               	goto	l850
   784                           
   785                           ; Switch size 1, requested type "space"
   786                           ; Number of cases is 3, Range of values is 1 to 3
   787                           ; switch strategies available:
   788                           ; Name         Instructions Cycles
   789                           ; simple_byte           10     6 (average)
   790                           ;	Chosen strategy is simple_byte
   791  00025C  5019               	movf	??_SetPWM,w,c
   792  00025E  0A01               	xorlw	1	; case 1
   793  000260  B4D8               	btfsc	status,2,c
   794  000262  D7D8               	goto	l832
   795  000264  0A03               	xorlw	3	; case 2
   796  000266  B4D8               	btfsc	status,2,c
   797  000268  D7DC               	goto	l838
   798  00026A  0A01               	xorlw	1	; case 3
   799  00026C  B4D8               	btfsc	status,2,c
   800  00026E  D7E0               	goto	l844
   801  000270  D7E6               	goto	l850
   802  000272                     l72:
   803                           
   804                           ;PWMcomTimerV2.c: 174: else
   805                           ;PWMcomTimerV2.c: 175: {
   806                           ;PWMcomTimerV2.c: 176: PORTCbits.RC7 = 0;
   807  000272  9E82               	bcf	3970,7,c	;volatile
   808                           
   809                           ;PWMcomTimerV2.c: 177: T0CONbits.TMR0ON = 0;
   810  000274  9ED5               	bcf	4053,7,c	;volatile
   811                           
   812                           ;PWMcomTimerV2.c: 178: INTCONbits.TMR0IF = 0;
   813  000276  94F2               	bcf	intcon,2,c	;volatile
   814                           
   815                           ;PWMcomTimerV2.c: 179: LATD0 = 0;
   816  000278  908C               	bcf	3980,0,c	;volatile
   817                           
   818                           ;PWMcomTimerV2.c: 180: LATD1 = 0;
   819  00027A  928C               	bcf	3980,1,c	;volatile
   820                           
   821                           ;PWMcomTimerV2.c: 181: LATD2 = 0;
   822  00027C  948C               	bcf	3980,2,c	;volatile
   823  00027E  0012               	return	
   824  000280                     __end_of_SetPWM:
   825                           	opt stack 0
   826                           tblptru	equ	0xFF8
   827                           tblptrh	equ	0xFF7
   828                           tblptrl	equ	0xFF6
   829                           tablat	equ	0xFF5
   830                           intcon	equ	0xFF2
   831                           postinc0	equ	0xFEE
   832                           wreg	equ	0xFE8
   833                           postdec1	equ	0xFE5
   834                           fsr1l	equ	0xFE1
   835                           status	equ	0xFD8
   836                           
   837 ;; *************** function _Direction *****************
   838 ;; Defined at:
   839 ;;		line 186 in file "PWMcomTimerV2.c"
   840 ;; Parameters:    Size  Location     Type
   841 ;;  dir             2   20[COMRAM] int 
   842 ;; Auto vars:     Size  Location     Type
   843 ;;		None
   844 ;; Return value:  Size  Location     Type
   845 ;;                  1    wreg      void 
   846 ;; Registers used:
   847 ;;		wreg, status,2, status,0
   848 ;; Tracked objects:
   849 ;;		On entry : 0/0
   850 ;;		On exit  : 0/0
   851 ;;		Unchanged: 0/0
   852 ;; Data sizes:     COMRAM   BANK0   BANK1   BANK2   BANK3   BANK4   BANK5
   853 ;;      Params:         2       0       0       0       0       0       0
   854 ;;      Locals:         0       0       0       0       0       0       0
   855 ;;      Temps:          2       0       0       0       0       0       0
   856 ;;      Totals:         4       0       0       0       0       0       0
   857 ;;Total ram usage:        4 bytes
   858 ;; Hardware stack levels used:    1
   859 ;; Hardware stack levels required when called:    2
   860 ;; This function calls:
   861 ;;		Nothing
   862 ;; This function is called by:
   863 ;;		_main
   864 ;; This function uses a non-reentrant model
   865 ;;
   866                           
   867                           	psect	text4
   868  000280                     __ptext4:
   869                           	opt stack 0
   870  000280                     _Direction:
   871                           	opt stack 28
   872                           
   873                           ;PWMcomTimerV2.c: 188: switch(dir)
   874                           
   875                           ;incstack = 0
   876  000280  D024               	goto	l868
   877  000282                     l84:
   878                           
   879                           ;PWMcomTimerV2.c: 191: PORTBbits.RB2 = 1;
   880  000282  8481               	bsf	3969,2,c	;volatile
   881                           
   882                           ;PWMcomTimerV2.c: 192: PORTBbits.RB3 = 0;
   883  000284  9681               	bcf	3969,3,c	;volatile
   884                           
   885                           ;PWMcomTimerV2.c: 194: PORTBbits.RB1 = 1;
   886  000286  8281               	bsf	3969,1,c	;volatile
   887                           
   888                           ;PWMcomTimerV2.c: 195: PORTCbits.RC7 = 0;
   889  000288  9E82               	bcf	3970,7,c	;volatile
   890                           
   891                           ;PWMcomTimerV2.c: 197: LATD4 = 0;
   892  00028A  988C               	bcf	3980,4,c	;volatile
   893                           
   894                           ;PWMcomTimerV2.c: 198: LATD5 = 0;
   895  00028C  9A8C               	bcf	3980,5,c	;volatile
   896                           
   897                           ;PWMcomTimerV2.c: 199: LATD6 = 1;
   898  00028E  8C8C               	bsf	3980,6,c	;volatile
   899                           
   900                           ;PWMcomTimerV2.c: 200: LATD7 = 0;
   901  000290  9E8C               	bcf	3980,7,c	;volatile
   902                           
   903                           ;PWMcomTimerV2.c: 201: break;
   904  000292  0012               	return	
   905  000294                     l86:
   906                           
   907                           ;PWMcomTimerV2.c: 205: PORTBbits.RB2 = 0;
   908  000294  9481               	bcf	3969,2,c	;volatile
   909                           
   910                           ;PWMcomTimerV2.c: 206: PORTBbits.RB3 = 1;
   911  000296  8681               	bsf	3969,3,c	;volatile
   912                           
   913                           ;PWMcomTimerV2.c: 208: PORTBbits.RB1 = 0;
   914  000298  9281               	bcf	3969,1,c	;volatile
   915                           
   916                           ;PWMcomTimerV2.c: 209: PORTCbits.RC7 = 1;
   917  00029A  8E82               	bsf	3970,7,c	;volatile
   918                           
   919                           ;PWMcomTimerV2.c: 211: LATD4 = 0;
   920  00029C  988C               	bcf	3980,4,c	;volatile
   921                           
   922                           ;PWMcomTimerV2.c: 212: LATD5 = 0;
   923  00029E  9A8C               	bcf	3980,5,c	;volatile
   924                           
   925                           ;PWMcomTimerV2.c: 213: LATD6 = 0;
   926  0002A0  9C8C               	bcf	3980,6,c	;volatile
   927                           
   928                           ;PWMcomTimerV2.c: 214: LATD7 = 1;
   929  0002A2  8E8C               	bsf	3980,7,c	;volatile
   930                           
   931                           ;PWMcomTimerV2.c: 215: break;
   932  0002A4  0012               	return	
   933  0002A6                     l87:
   934                           
   935                           ;PWMcomTimerV2.c: 219: PORTBbits.RB2 = 1;
   936  0002A6  8481               	bsf	3969,2,c	;volatile
   937                           
   938                           ;PWMcomTimerV2.c: 220: PORTBbits.RB3 = 0;
   939  0002A8  9681               	bcf	3969,3,c	;volatile
   940                           
   941                           ;PWMcomTimerV2.c: 222: PORTBbits.RB1 = 0;
   942  0002AA  9281               	bcf	3969,1,c	;volatile
   943                           
   944                           ;PWMcomTimerV2.c: 223: PORTCbits.RC7 = 1;
   945  0002AC  8E82               	bsf	3970,7,c	;volatile
   946                           
   947                           ;PWMcomTimerV2.c: 225: LATD4 = 1;
   948  0002AE  888C               	bsf	3980,4,c	;volatile
   949                           
   950                           ;PWMcomTimerV2.c: 226: LATD5 = 0;
   951  0002B0  9A8C               	bcf	3980,5,c	;volatile
   952                           
   953                           ;PWMcomTimerV2.c: 227: LATD6 = 0;
   954  0002B2  9C8C               	bcf	3980,6,c	;volatile
   955                           
   956                           ;PWMcomTimerV2.c: 228: LATD7 = 0;
   957  0002B4  9E8C               	bcf	3980,7,c	;volatile
   958                           
   959                           ;PWMcomTimerV2.c: 229: break;
   960  0002B6  0012               	return	
   961  0002B8                     l88:
   962                           
   963                           ;PWMcomTimerV2.c: 233: PORTBbits.RB2 = 0;
   964  0002B8  9481               	bcf	3969,2,c	;volatile
   965                           
   966                           ;PWMcomTimerV2.c: 234: PORTBbits.RB3 = 1;
   967  0002BA  8681               	bsf	3969,3,c	;volatile
   968                           
   969                           ;PWMcomTimerV2.c: 236: PORTBbits.RB1 = 1;
   970  0002BC  8281               	bsf	3969,1,c	;volatile
   971                           
   972                           ;PWMcomTimerV2.c: 237: PORTCbits.RC7 = 0;
   973  0002BE  9E82               	bcf	3970,7,c	;volatile
   974                           
   975                           ;PWMcomTimerV2.c: 239: LATD4 = 0;
   976  0002C0  988C               	bcf	3980,4,c	;volatile
   977                           
   978                           ;PWMcomTimerV2.c: 240: LATD5 = 1;
   979  0002C2  8A8C               	bsf	3980,5,c	;volatile
   980                           
   981                           ;PWMcomTimerV2.c: 241: LATD6 = 0;
   982  0002C4  9C8C               	bcf	3980,6,c	;volatile
   983                           
   984                           ;PWMcomTimerV2.c: 242: LATD7 = 0;
   985  0002C6  9E8C               	bcf	3980,7,c	;volatile
   986                           
   987                           ;PWMcomTimerV2.c: 244: }
   988                           
   989                           ;PWMcomTimerV2.c: 243: break;
   990  0002C8  0012               	return	
   991  0002CA                     l868:
   992  0002CA  C015  F017         	movff	Direction@dir,??_Direction
   993  0002CE  C016  F018         	movff	Direction@dir+1,??_Direction+1
   994                           
   995                           ; Switch on 2 bytes has been partitioned into a top level switch of size 1, and 1 sub-sw
      +                          itches
   996                           ; Switch size 1, requested type "space"
   997                           ; Number of cases is 1, Range of values is 0 to 0
   998                           ; switch strategies available:
   999                           ; Name         Instructions Cycles
  1000                           ; simple_byte            4     3 (average)
  1001                           ;	Chosen strategy is simple_byte
  1002  0002D2  5018               	movf	??_Direction+1,w,c
  1003  0002D4  0A00               	xorlw	0	; case 0
  1004  0002D6  A4D8               	btfss	status,2,c
  1005  0002D8  0012               	return	
  1006                           
  1007                           ; Switch size 1, requested type "space"
  1008                           ; Number of cases is 4, Range of values is 0 to 3
  1009                           ; switch strategies available:
  1010                           ; Name         Instructions Cycles
  1011                           ; simple_byte           13     7 (average)
  1012                           ;	Chosen strategy is simple_byte
  1013  0002DA  5017               	movf	??_Direction,w,c
  1014  0002DC  0A00               	xorlw	0	; case 0
  1015  0002DE  B4D8               	btfsc	status,2,c
  1016  0002E0  D7D0               	goto	l84
  1017  0002E2  0A01               	xorlw	1	; case 1
  1018  0002E4  B4D8               	btfsc	status,2,c
  1019  0002E6  D7D6               	goto	l86
  1020  0002E8  0A03               	xorlw	3	; case 2
  1021  0002EA  B4D8               	btfsc	status,2,c
  1022  0002EC  D7DC               	goto	l87
  1023  0002EE  0A01               	xorlw	1	; case 3
  1024  0002F0  A4D8               	btfss	status,2,c
  1025  0002F2  0012               	return	
  1026  0002F4  D7E1               	goto	l88
  1027  0002F6                     __end_of_Direction:
  1028                           	opt stack 0
  1029                           tblptru	equ	0xFF8
  1030                           tblptrh	equ	0xFF7
  1031                           tblptrl	equ	0xFF6
  1032                           tablat	equ	0xFF5
  1033                           intcon	equ	0xFF2
  1034                           postinc0	equ	0xFEE
  1035                           wreg	equ	0xFE8
  1036                           postdec1	equ	0xFE5
  1037                           fsr1l	equ	0xFE1
  1038                           status	equ	0xFD8
  1039                           
  1040 ;; *************** function _tc_int *****************
  1041 ;; Defined at:
  1042 ;;		line 288 in file "PWMcomTimerV2.c"
  1043 ;; Parameters:    Size  Location     Type
  1044 ;;		None
  1045 ;; Auto vars:     Size  Location     Type
  1046 ;;		None
  1047 ;; Return value:  Size  Location     Type
  1048 ;;                  1    wreg      void 
  1049 ;; Registers used:
  1050 ;;		wreg, status,2, status,0, cstack
  1051 ;; Tracked objects:
  1052 ;;		On entry : 0/0
  1053 ;;		On exit  : 0/0
  1054 ;;		Unchanged: 0/0
  1055 ;; Data sizes:     COMRAM   BANK0   BANK1   BANK2   BANK3   BANK4   BANK5
  1056 ;;      Params:         0       0       0       0       0       0       0
  1057 ;;      Locals:         0       0       0       0       0       0       0
  1058 ;;      Temps:         14       0       0       0       0       0       0
  1059 ;;      Totals:        14       0       0       0       0       0       0
  1060 ;;Total ram usage:       14 bytes
  1061 ;; Hardware stack levels used:    1
  1062 ;; Hardware stack levels required when called:    1
  1063 ;; This function calls:
  1064 ;;		___awmod
  1065 ;; This function is called by:
  1066 ;;		Interrupt level 2
  1067 ;; This function uses a non-reentrant model
  1068 ;;
  1069                           
  1070                           	psect	intcode
  1071  000008                     __pintcode:
  1072                           	opt stack 0
  1073  000008                     _tc_int:
  1074                           	opt stack 28
  1075                           
  1076                           ;incstack = 0
  1077  000008  8228               	bsf	btemp,1,c	;set compiler interrupt flag (level 2)
  1078  00000A  CFFA F007          	movff	pclath,??_tc_int
  1079  00000E  CFFB F008          	movff	pclatu,??_tc_int+1
  1080  000012  CFE9 F009          	movff	fsr0l,??_tc_int+2
  1081  000016  CFEA F00A          	movff	fsr0h,??_tc_int+3
  1082  00001A  CFE1 F00B          	movff	fsr1l,??_tc_int+4
  1083  00001E  CFE2 F00C          	movff	fsr1h,??_tc_int+5
  1084  000022  CFD9 F00D          	movff	fsr2l,??_tc_int+6
  1085  000026  CFDA F00E          	movff	fsr2h,??_tc_int+7
  1086  00002A  CFF3 F00F          	movff	prodl,??_tc_int+8
  1087  00002E  CFF4 F010          	movff	prodh,??_tc_int+9
  1088  000032  CFF6 F011          	movff	tblptrl,??_tc_int+10
  1089  000036  CFF7 F012          	movff	tblptrh,??_tc_int+11
  1090  00003A  CFF8 F013          	movff	tblptru,??_tc_int+12
  1091  00003E  CFF5 F014          	movff	tablat,??_tc_int+13
  1092                           
  1093                           ;PWMcomTimerV2.c: 292: if(INTCONbits.TMR0IF && INTCONbits.TMR0IE)
  1094  000042  B4F2               	btfsc	intcon,2,c	;volatile
  1095  000044  AAF2               	btfss	intcon,5,c	;volatile
  1096  000046  D023               	goto	i2l102
  1097                           
  1098                           ;PWMcomTimerV2.c: 293: {
  1099                           ;PWMcomTimerV2.c: 294: INTCONbits.TMR0IF = 0;
  1100  000048  94F2               	bcf	intcon,2,c	;volatile
  1101                           
  1102                           ;PWMcomTimerV2.c: 296: if(count == off_duty)
  1103  00004A  5026               	movf	_off_duty,w,c
  1104  00004C  1820               	xorwf	_count,w,c
  1105  00004E  E106               	bnz	i2l926
  1106  000050  5027               	movf	_off_duty+1,w,c
  1107  000052  1821               	xorwf	_count+1,w,c
  1108  000054  A4D8               	btfss	status,2,c
  1109  000056  D002               	goto	i2l926
  1110                           
  1111                           ;PWMcomTimerV2.c: 297: {
  1112                           ;PWMcomTimerV2.c: 298: PORTCbits.RC6 = 1;
  1113  000058  8C82               	bsf	3970,6,c	;volatile
  1114                           
  1115                           ;PWMcomTimerV2.c: 299: LATD2 = 1;
  1116  00005A  848C               	bsf	3980,2,c	;volatile
  1117  00005C                     i2l926:
  1118                           
  1119                           ;PWMcomTimerV2.c: 300: }
  1120                           ;PWMcomTimerV2.c: 302: if(count == max_cicle)
  1121  00005C  5024               	movf	_max_cicle,w,c
  1122  00005E  1820               	xorwf	_count,w,c
  1123  000060  E106               	bnz	i2l930
  1124  000062  5025               	movf	_max_cicle+1,w,c
  1125  000064  1821               	xorwf	_count+1,w,c
  1126  000066  A4D8               	btfss	status,2,c
  1127  000068  D002               	goto	i2l930
  1128                           
  1129                           ;PWMcomTimerV2.c: 303: {
  1130                           ;PWMcomTimerV2.c: 304: PORTCbits.RC6 = 0;
  1131  00006A  9C82               	bcf	3970,6,c	;volatile
  1132                           
  1133                           ;PWMcomTimerV2.c: 305: LATD2 = 0;
  1134  00006C  948C               	bcf	3980,2,c	;volatile
  1135  00006E                     i2l930:
  1136                           
  1137                           ;PWMcomTimerV2.c: 306: }
  1138                           ;PWMcomTimerV2.c: 308: count = count%max_cicle;
  1139  00006E  C020  F001         	movff	_count,___awmod@dividend
  1140  000072  C021  F002         	movff	_count+1,___awmod@dividend+1
  1141  000076  C024  F003         	movff	_max_cicle,___awmod@divisor
  1142  00007A  C025  F004         	movff	_max_cicle+1,___awmod@divisor+1
  1143  00007E  EC7B  F001         	call	___awmod	;wreg free
  1144  000082  C001  F020         	movff	?___awmod,_count
  1145  000086  C002  F021         	movff	?___awmod+1,_count+1
  1146                           
  1147                           ;PWMcomTimerV2.c: 309: count++;
  1148  00008A  4A20               	infsnz	_count,f,c
  1149  00008C  2A21               	incf	_count+1,f,c
  1150  00008E                     i2l102:
  1151  00008E  C014  FFF5         	movff	??_tc_int+13,tablat
  1152  000092  C013  FFF8         	movff	??_tc_int+12,tblptru
  1153  000096  C012  FFF7         	movff	??_tc_int+11,tblptrh
  1154  00009A  C011  FFF6         	movff	??_tc_int+10,tblptrl
  1155  00009E  C010  FFF4         	movff	??_tc_int+9,prodh
  1156  0000A2  C00F  FFF3         	movff	??_tc_int+8,prodl
  1157  0000A6  C00E  FFDA         	movff	??_tc_int+7,fsr2h
  1158  0000AA  C00D  FFD9         	movff	??_tc_int+6,fsr2l
  1159  0000AE  C00C  FFE2         	movff	??_tc_int+5,fsr1h
  1160  0000B2  C00B  FFE1         	movff	??_tc_int+4,fsr1l
  1161  0000B6  C00A  FFEA         	movff	??_tc_int+3,fsr0h
  1162  0000BA  C009  FFE9         	movff	??_tc_int+2,fsr0l
  1163  0000BE  C008  FFFB         	movff	??_tc_int+1,pclatu
  1164  0000C2  C007  FFFA         	movff	??_tc_int,pclath
  1165  0000C6  9228               	bcf	btemp,1,c	;clear compiler interrupt flag (level 2)
  1166  0000C8  0011               	retfie		f
  1167  0000CA                     __end_of_tc_int:
  1168                           	opt stack 0
  1169                           pclatu	equ	0xFFB
  1170                           pclath	equ	0xFFA
  1171                           tblptru	equ	0xFF8
  1172                           tblptrh	equ	0xFF7
  1173                           tblptrl	equ	0xFF6
  1174                           tablat	equ	0xFF5
  1175                           prodh	equ	0xFF4
  1176                           prodl	equ	0xFF3
  1177                           intcon	equ	0xFF2
  1178                           postinc0	equ	0xFEE
  1179                           fsr0h	equ	0xFEA
  1180                           fsr0l	equ	0xFE9
  1181                           wreg	equ	0xFE8
  1182                           postdec1	equ	0xFE5
  1183                           fsr1h	equ	0xFE2
  1184                           fsr1l	equ	0xFE1
  1185                           fsr2h	equ	0xFDA
  1186                           fsr2l	equ	0xFD9
  1187                           status	equ	0xFD8
  1188                           
  1189 ;; *************** function ___awmod *****************
  1190 ;; Defined at:
  1191 ;;		line 8 in file "/opt/microchip/xc8/v1.38/sources/common/awmod.c"
  1192 ;; Parameters:    Size  Location     Type
  1193 ;;  dividend        2    0[COMRAM] int 
  1194 ;;  divisor         2    2[COMRAM] int 
  1195 ;; Auto vars:     Size  Location     Type
  1196 ;;  sign            1    5[COMRAM] unsigned char 
  1197 ;;  counter         1    4[COMRAM] unsigned char 
  1198 ;; Return value:  Size  Location     Type
  1199 ;;                  2    0[COMRAM] int 
  1200 ;; Registers used:
  1201 ;;		wreg, status,2, status,0
  1202 ;; Tracked objects:
  1203 ;;		On entry : 0/0
  1204 ;;		On exit  : 0/0
  1205 ;;		Unchanged: 0/0
  1206 ;; Data sizes:     COMRAM   BANK0   BANK1   BANK2   BANK3   BANK4   BANK5
  1207 ;;      Params:         4       0       0       0       0       0       0
  1208 ;;      Locals:         2       0       0       0       0       0       0
  1209 ;;      Temps:          0       0       0       0       0       0       0
  1210 ;;      Totals:         6       0       0       0       0       0       0
  1211 ;;Total ram usage:        6 bytes
  1212 ;; Hardware stack levels used:    1
  1213 ;; This function calls:
  1214 ;;		Nothing
  1215 ;; This function is called by:
  1216 ;;		_tc_int
  1217 ;; This function uses a non-reentrant model
  1218 ;;
  1219                           
  1220                           	psect	text6
  1221  0002F6                     __ptext6:
  1222                           	opt stack 0
  1223  0002F6                     ___awmod:
  1224                           	opt stack 28
  1225                           
  1226                           ;incstack = 0
  1227  0002F6  0E00               	movlw	0
  1228  0002F8  6E06               	movwf	___awmod@sign,c
  1229  0002FA  AE02               	btfss	___awmod@dividend+1,7,c
  1230  0002FC  D006               	goto	i2l882
  1231  0002FE  6C01               	negf	___awmod@dividend,c
  1232  000300  1E02               	comf	___awmod@dividend+1,f,c
  1233  000302  B0D8               	btfsc	status,0,c
  1234  000304  2A02               	incf	___awmod@dividend+1,f,c
  1235  000306  0E01               	movlw	1
  1236  000308  6E06               	movwf	___awmod@sign,c
  1237  00030A                     i2l882:
  1238  00030A  AE04               	btfss	___awmod@divisor+1,7,c
  1239  00030C  D004               	goto	i2l886
  1240  00030E  6C03               	negf	___awmod@divisor,c
  1241  000310  1E04               	comf	___awmod@divisor+1,f,c
  1242  000312  B0D8               	btfsc	status,0,c
  1243  000314  2A04               	incf	___awmod@divisor+1,f,c
  1244  000316                     i2l886:
  1245  000316  5003               	movf	___awmod@divisor,w,c
  1246  000318  1004               	iorwf	___awmod@divisor+1,w,c
  1247  00031A  B4D8               	btfsc	status,2,c
  1248  00031C  D018               	goto	i2l902
  1249  00031E  0E01               	movlw	1
  1250  000320  6E05               	movwf	___awmod@counter,c
  1251  000322  D004               	goto	i2l892
  1252  000324                     i2l890:
  1253  000324  90D8               	bcf	status,0,c
  1254  000326  3603               	rlcf	___awmod@divisor,f,c
  1255  000328  3604               	rlcf	___awmod@divisor+1,f,c
  1256  00032A  2A05               	incf	___awmod@counter,f,c
  1257  00032C                     i2l892:
  1258  00032C  AE04               	btfss	___awmod@divisor+1,7,c
  1259  00032E  D7FA               	goto	i2l890
  1260  000330                     i2l894:
  1261  000330  5003               	movf	___awmod@divisor,w,c
  1262  000332  5C01               	subwf	___awmod@dividend,w,c
  1263  000334  5004               	movf	___awmod@divisor+1,w,c
  1264  000336  5802               	subwfb	___awmod@dividend+1,w,c
  1265  000338  A0D8               	btfss	status,0,c
  1266  00033A  D004               	goto	i2l898
  1267  00033C  5003               	movf	___awmod@divisor,w,c
  1268  00033E  5E01               	subwf	___awmod@dividend,f,c
  1269  000340  5004               	movf	___awmod@divisor+1,w,c
  1270  000342  5A02               	subwfb	___awmod@dividend+1,f,c
  1271  000344                     i2l898:
  1272  000344  90D8               	bcf	status,0,c
  1273  000346  3204               	rrcf	___awmod@divisor+1,f,c
  1274  000348  3203               	rrcf	___awmod@divisor,f,c
  1275  00034A  2E05               	decfsz	___awmod@counter,f,c
  1276  00034C  D7F1               	goto	i2l894
  1277  00034E                     i2l902:
  1278  00034E  5006               	movf	___awmod@sign,w,c
  1279  000350  B4D8               	btfsc	status,2,c
  1280  000352  D004               	goto	i2l906
  1281  000354  6C01               	negf	___awmod@dividend,c
  1282  000356  1E02               	comf	___awmod@dividend+1,f,c
  1283  000358  B0D8               	btfsc	status,0,c
  1284  00035A  2A02               	incf	___awmod@dividend+1,f,c
  1285  00035C                     i2l906:
  1286  00035C  C001  F001         	movff	___awmod@dividend,?___awmod
  1287  000360  C002  F002         	movff	___awmod@dividend+1,?___awmod+1
  1288  000364  0012               	return	
  1289  000366                     __end_of___awmod:
  1290                           	opt stack 0
  1291  0000                     pclatu	equ	0xFFB
  1292                           pclath	equ	0xFFA
  1293                           tblptru	equ	0xFF8
  1294                           tblptrh	equ	0xFF7
  1295                           tblptrl	equ	0xFF6
  1296                           tablat	equ	0xFF5
  1297                           prodh	equ	0xFF4
  1298                           prodl	equ	0xFF3
  1299                           intcon	equ	0xFF2
  1300                           postinc0	equ	0xFEE
  1301                           fsr0h	equ	0xFEA
  1302                           fsr0l	equ	0xFE9
  1303                           wreg	equ	0xFE8
  1304                           postdec1	equ	0xFE5
  1305                           fsr1h	equ	0xFE2
  1306                           fsr1l	equ	0xFE1
  1307                           fsr2h	equ	0xFDA
  1308                           fsr2l	equ	0xFD9
  1309                           status	equ	0xFD8
  1310                           pclatu	equ	0xFFB
  1311                           pclath	equ	0xFFA
  1312                           tblptru	equ	0xFF8
  1313                           tblptrh	equ	0xFF7
  1314                           tblptrl	equ	0xFF6
  1315                           tablat	equ	0xFF5
  1316                           prodh	equ	0xFF4
  1317                           prodl	equ	0xFF3
  1318                           intcon	equ	0xFF2
  1319                           postinc0	equ	0xFEE
  1320                           fsr0h	equ	0xFEA
  1321                           fsr0l	equ	0xFE9
  1322                           wreg	equ	0xFE8
  1323                           postdec1	equ	0xFE5
  1324                           fsr1h	equ	0xFE2
  1325                           fsr1l	equ	0xFE1
  1326                           fsr2h	equ	0xFDA
  1327                           fsr2l	equ	0xFD9
  1328                           status	equ	0xFD8
  1329                           
  1330                           	psect	rparam
  1331  0000                     pclatu	equ	0xFFB
  1332                           pclath	equ	0xFFA
  1333                           tblptru	equ	0xFF8
  1334                           tblptrh	equ	0xFF7
  1335                           tblptrl	equ	0xFF6
  1336                           tablat	equ	0xFF5
  1337                           prodh	equ	0xFF4
  1338                           prodl	equ	0xFF3
  1339                           intcon	equ	0xFF2
  1340                           postinc0	equ	0xFEE
  1341                           fsr0h	equ	0xFEA
  1342                           fsr0l	equ	0xFE9
  1343                           wreg	equ	0xFE8
  1344                           postdec1	equ	0xFE5
  1345                           fsr1h	equ	0xFE2
  1346                           fsr1l	equ	0xFE1
  1347                           fsr2h	equ	0xFDA
  1348                           fsr2l	equ	0xFD9
  1349                           status	equ	0xFD8
  1350                           
  1351                           	psect	temp
  1352  000028                     btemp:
  1353                           	opt stack 0
  1354  000028                     	ds	1
  1355  0000                     int$flags	set	btemp
  1356                           pclatu	equ	0xFFB
  1357                           pclath	equ	0xFFA
  1358                           tblptru	equ	0xFF8
  1359                           tblptrh	equ	0xFF7
  1360                           tblptrl	equ	0xFF6
  1361                           tablat	equ	0xFF5
  1362                           prodh	equ	0xFF4
  1363                           prodl	equ	0xFF3
  1364                           intcon	equ	0xFF2
  1365                           postinc0	equ	0xFEE
  1366                           fsr0h	equ	0xFEA
  1367                           fsr0l	equ	0xFE9
  1368                           wreg	equ	0xFE8
  1369                           postdec1	equ	0xFE5
  1370                           fsr1h	equ	0xFE2
  1371                           fsr1l	equ	0xFE1
  1372                           fsr2h	equ	0xFDA
  1373                           fsr2l	equ	0xFD9
  1374                           status	equ	0xFD8


Data Sizes:
    Strings     0
    Constant    0
    Data        4
    BSS         4
    Persistent  0
    Stack       0

Auto Spaces:
    Space          Size  Autos    Used
    COMRAM           94     31      39
    BANK0           160      0       0
    BANK1           256      0       0
    BANK2           256      0       0
    BANK3           256      0       0
    BANK4           256      0       0
    BANK5           256      0       0

Pointer List with Targets:

    None.

Critical Paths under _main in COMRAM

    _main->_SetPWM

Critical Paths under _tc_int in COMRAM

    _tc_int->___awmod

Critical Paths under _main in BANK0

    None.

Critical Paths under _tc_int in BANK0

    None.

Critical Paths under _main in BANK1

    None.

Critical Paths under _tc_int in BANK1

    None.

Critical Paths under _main in BANK2

    None.

Critical Paths under _tc_int in BANK2

    None.

Critical Paths under _main in BANK3

    None.

Critical Paths under _tc_int in BANK3

    None.

Critical Paths under _main in BANK4

    None.

Critical Paths under _tc_int in BANK4

    None.

Critical Paths under _main in BANK5

    None.

Critical Paths under _tc_int in BANK5

    None.

Call Graph Tables:

 ---------------------------------------------------------------------------------
 (Depth) Function   	        Calls       Base Space   Used Autos Params    Refs
 ---------------------------------------------------------------------------------
 (0) _main                                                 5     0      5    1316
                                             26 COMRAM     5     0      5
                          _Direction
                             _SetPWM
                             _delayX
                              _setup
 ---------------------------------------------------------------------------------
 (1) _setup                                                0     0      0       0
 ---------------------------------------------------------------------------------
 (1) _delayX                                               5     3      2     390
                                             20 COMRAM     5     3      2
 ---------------------------------------------------------------------------------
 (1) _SetPWM                                               6     2      4     732
                                             20 COMRAM     6     2      4
 ---------------------------------------------------------------------------------
 (1) _Direction                                            4     2      2     194
                                             20 COMRAM     4     2      2
 ---------------------------------------------------------------------------------
 Estimated maximum stack depth 1
 ---------------------------------------------------------------------------------
 (Depth) Function   	        Calls       Base Space   Used Autos Params    Refs
 ---------------------------------------------------------------------------------
 (2) _tc_int                                              14    14      0     382
                                              6 COMRAM    14    14      0
                            ___awmod
 ---------------------------------------------------------------------------------
 (3) ___awmod                                              6     2      4     382
                                              0 COMRAM     6     2      4
 ---------------------------------------------------------------------------------
 Estimated maximum stack depth 3
 ---------------------------------------------------------------------------------

 Call Graph Graphs:

 _main (ROOT)
   _Direction
   _SetPWM
   _delayX
   _setup

 _tc_int (ROOT)
   ___awmod

 Address spaces:
Name               Size   Autos  Total    Cost      Usage
BIGRAM             5FF      0       0      17        0.0%
EEDATA             100      0       0       0        0.0%
BITBANK5           100      0       0      16        0.0%
BANK5              100      0       0      14        0.0%
BITBANK4           100      0       0      12        0.0%
BANK4              100      0       0      13        0.0%
BITBANK3           100      0       0      10        0.0%
BANK3              100      0       0      11        0.0%
BITBANK2           100      0       0       8        0.0%
BANK2              100      0       0       9        0.0%
BITBANK1           100      0       0       6        0.0%
BANK1              100      0       0       7        0.0%
BITBANK0            A0      0       0       4        0.0%
BANK0               A0      0       0       5        0.0%
BITCOMRAM           5E      0       0       0        0.0%
COMRAM              5E     1F      27       1       41.5%
BITSFR               0      0       0      40        0.0%
SFR                  0      0       0      40        0.0%
STACK                0      0       0       2        0.0%
NULL                 0      0       0       0        0.0%
ABS                  0      0      27      15        0.0%
DATA                 0      0      27       3        0.0%
CODE                 0      0       0       0        0.0%


Microchip Technology PIC18 Macro Assembler V1.38 build -256452561 
Symbol Table                                                                                   Sat Sep 10 06:00:29 2016

                     l72 0272                       l66 03BC                       l84 0282  
                     l86 0294                       l87 02A6                       l88 02B8  
           __CFG_CP0$OFF 000000             __CFG_CP1$OFF 000000             __CFG_CP2$OFF 000000  
           __CFG_CP3$OFF 000000                      l832 0214                      l824 03A6  
                    l912 00D2                      l850 023E                      l844 0230  
                    l838 0222                      l858 024C                      l868 02CA  
           __CFG_CPB$OFF 000000             __CFG_CPD$OFF 000000                      u277 03AC  
           __CFG_BORV$18 000000             ___awmod@sign 0006                      wreg 000FE8  
           __CFG_LVP$OFF 000000                     _main 00CE                     fsr0h 000FEA  
                   fsr1h 000FE2                     fsr0l 000FE9                     fsr2h 000FDA  
                   fsr1l 000FE1                     fsr2l 000FD9                     btemp 0028  
                   pclat 000FFA                     prodh 000FF4                     prodl 000FF3  
                   start 00CA            __CFG_IESO$OFF 000000             ___param_bank 000010  
                  ?_main 001B          __end_of___awmod 0366                    _LATD0 007C60  
                  _LATD1 007C61                    _LATD2 007C62                    _LATD4 007C64  
                  _LATD5 007C65                    _LATD6 007C66                    _LATD7 007C67  
                  i2l102 008E                    i2l902 034E                    i2l906 035C  
                  i2l930 006E                    i2l926 005C                    i2l890 0324  
                  i2l882 030A                    i2l892 032C                    i2l894 0330  
                  i2l886 0316                    i2l898 0344            __CFG_PWRT$OFF 000000  
          __CFG_WRT0$OFF 000000            __CFG_WRT1$OFF 000000            __CFG_WRT2$OFF 000000  
          __CFG_WRT3$OFF 000000           __CFG_EBTR0$OFF 000000           __CFG_FCMEN$OFF 000000  
         __CFG_EBTR1$OFF 000000           __CFG_EBTR2$OFF 000000           __CFG_EBTR3$OFF 000000  
          __CFG_WRTB$OFF 000000            __CFG_WRTC$OFF 000000            __CFG_WRTD$OFF 000000  
         __CFG_EBTRB$OFF 000000                    _count 0020                    _setup 03D2  
                  tablat 000FF5                    status 000FD8           __CFG_MCLRE$OFF 000000  
        __initialization 0366             __end_of_main 0208                   ??_main 0020  
          __activetblptr 000002       __size_of_Direction 0076                   ?_setup 0001  
         __CFG_WDTEN$OFF 000000                   _TRISB1 007C99                   _TRISB2 007C9A  
                 _TRISB3 007C9B                   _TRISD0 007CA8                   _TRISD1 007CA9  
                 _TRISD2 007CAA                   _TRISD3 007CAB                   _TRISC5 007CA5  
                 _TRISD4 007CAC                   _TRISC6 007CA6                   _TRISD5 007CAD  
                 _TRISC7 007CA7                   _TRISD6 007CAE                   _TRISD7 007CAF  
                 _SetPWM 0208           __CFG_XINST$OFF 000000                ??___awmod 0005  
                 _delayX 039C                   _tc_int 0008          ___awmod@divisor 0003  
        ___awmod@counter 0005             __pdataCOMRAM 0024                   tblptrh 000FF7  
                 tblptrl 000FF6                   tblptru 000FF8          __CFG_HFOFST$OFF 000000  
             __accesstop 0060  __end_of__initialization 038E          __CFG_PBADEN$OFF 000000  
          ___rparam_used 000001        __end_of_Direction 02F6           __pcstackCOMRAM 0001  
          __end_of_setup 0406                  ??_setup 0015                  ?_SetPWM 0015  
       SetPWM@velocidade 0017                  ?_delayX 0015                  ?_tc_int 0001  
                __Hparam 0000             SetPWM@status 0015                  __Lparam 0000  
        __size_of_SetPWM 0078                  ___awmod 02F6          __size_of_delayX 0036  
        __CFG_STVREN$OFF 000000                  __pcinit 0366                  __ramtop 0600  
        __size_of_tc_int 00C2                  __ptext0 00CE                  __ptext1 03D2  
                __ptext2 039C                  __ptext3 0208                  __ptext4 0280  
                __ptext6 02F6                _T0CONbits 000FD5                  delayX@i 0018  
                delayX@n 0015         ___awmod@dividend 0001     end_of_initialization 038E  
          __Lmediumconst 0000                  postdec1 000FE5                  postinc0 000FEE  
              _PORTBbits 000F81                _PORTCbits 000F82               _velocidade 0022  
         __end_of_SetPWM 0280                _Direction 0280           __end_of_delayX 03D2  
          __pidataCOMRAM 0406           __end_of_tc_int 00CA      start_initialization 0366  
               ??_SetPWM 0019                 ??_delayX 0017               ?_Direction 0015  
       __CFG_LPT1OSC$OFF 000000                 ??_tc_int 0007              __pbssCOMRAM 0020  
      __CFG_CCP2MX$PORTC 000000                __pintcode 0008                 ?___awmod 0001  
              _max_cicle 0024           __size_of_setup 0034         __CFG_WDTPS$32768 000000  
            ??_Direction 0017                copy_data0 037A                 __Hrparam 0000  
               __Lrparam 0000       __CFG_BOREN$SBORDIS 000000         __size_of___awmod 0070  
           Direction@dir 0015                 _off_duty 0026            __size_of_main 013A  
               int$flags 0028                 main@argc 001B                 main@argv 001D  
             _INTCONbits 000FF2                 intlevel2 0000        __CFG_FOSC$INTIO67 000000  
