

Microchip Technology PIC18 LITE Macro Assembler V1.38 build -256452561 
                                                                                               Thu Sep  8 23:12:13 2016

Microchip Technology Omniscient Code Generator v1.38 (Free mode) build 201607010351
     1                           	processor	18F45K20
     2                           	fnconf	rparam,??,?,0
     3                           	opt	pw 120
     4                           	opt	lm
     5                           	psect	cinit,global,reloc=2,class=CODE,delta=1
     6                           	psect	cstackCOMRAM,global,class=COMRAM,space=1,delta=1
     7                           	psect	text0,global,reloc=2,class=CODE,delta=1
     8                           	psect	text1,global,reloc=2,class=CODE,delta=1
     9                           	psect	intsave_regs,global,class=BIGRAM,space=1,delta=1
    10                           	psect	rparam,global,class=COMRAM,space=1,delta=1
    11  0000                     _LATDbits	set	3980
    12  0000                     _TRISDbits	set	3989
    13                           
    14                           ; #config settings
    15  0000                     
    16                           	psect	cinit
    17  007FA0                     __pcinit:
    18                           	opt stack 0
    19  007FA0                     start_initialization:
    20                           	opt stack 0
    21  007FA0                     __initialization:
    22                           	opt stack 0
    23  007FA0                     end_of_initialization:
    24                           	opt stack 0
    25  007FA0                     __end_of__initialization:
    26                           	opt stack 0
    27  007FA0  0100               	movlb	0
    28  007FA2  EFD3  F03F         	goto	_main	;jump to C main() function
    29                           
    30                           	psect	cstackCOMRAM
    31  000001                     __pcstackCOMRAM:
    32                           	opt stack 0
    33  000001                     delayX@n:
    34                           	opt stack 0
    35                           
    36                           ; 2 bytes @ 0x0
    37  000001                     	ds	2
    38  000003                     ??_delayX:
    39                           
    40                           ; 1 bytes @ 0x2
    41  000003                     	ds	1
    42  000004                     delayX@i:
    43                           	opt stack 0
    44                           
    45                           ; 2 bytes @ 0x3
    46  000004                     	ds	2
    47  000006                     
    48                           ; 1 bytes @ 0x5
    49 ;;
    50 ;;Main: autosize = 0, tempsize = 0, incstack = 0, save=0
    51 ;;
    52 ;; *************** function _main *****************
    53 ;; Defined at:
    54 ;;		line 96 in file "main.c"
    55 ;; Parameters:    Size  Location     Type
    56 ;;		None
    57 ;; Auto vars:     Size  Location     Type
    58 ;;		None
    59 ;; Return value:  Size  Location     Type
    60 ;;                  1    wreg      void 
    61 ;; Registers used:
    62 ;;		wreg, status,2, status,0, cstack
    63 ;; Tracked objects:
    64 ;;		On entry : 0/0
    65 ;;		On exit  : 0/0
    66 ;;		Unchanged: 0/0
    67 ;; Data sizes:     COMRAM   BANK0   BANK1   BANK2   BANK3   BANK4   BANK5
    68 ;;      Params:         0       0       0       0       0       0       0
    69 ;;      Locals:         0       0       0       0       0       0       0
    70 ;;      Temps:          0       0       0       0       0       0       0
    71 ;;      Totals:         0       0       0       0       0       0       0
    72 ;;Total ram usage:        0 bytes
    73 ;; Hardware stack levels required when called:    1
    74 ;; This function calls:
    75 ;;		_delayX
    76 ;; This function is called by:
    77 ;;		Startup code after reset
    78 ;; This function uses a non-reentrant model
    79 ;;
    80                           
    81                           	psect	text0
    82  007FA6                     __ptext0:
    83                           	opt stack 0
    84  007FA6                     _main:
    85                           	opt stack 30
    86                           
    87                           ;main.c: 97: TRISDbits.TRISD7 = 0;
    88                           
    89                           ;incstack = 0
    90  007FA6  9E95               	bcf	3989,7,c	;volatile
    91                           
    92                           ;main.c: 98: TRISDbits.TRISD6 = 0;
    93  007FA8  9C95               	bcf	3989,6,c	;volatile
    94                           
    95                           ;main.c: 99: TRISDbits.TRISD5 = 0;
    96  007FAA  9A95               	bcf	3989,5,c	;volatile
    97                           
    98                           ;main.c: 100: TRISDbits.TRISD4 = 0;
    99  007FAC  9895               	bcf	3989,4,c	;volatile
   100                           
   101                           ;main.c: 101: TRISDbits.TRISD3 = 0;
   102  007FAE  9695               	bcf	3989,3,c	;volatile
   103                           
   104                           ;main.c: 102: TRISDbits.TRISD2 = 0;
   105  007FB0  9495               	bcf	3989,2,c	;volatile
   106                           
   107                           ;main.c: 103: TRISDbits.TRISD1 = 0;
   108  007FB2  9295               	bcf	3989,1,c	;volatile
   109                           
   110                           ;main.c: 104: TRISDbits.TRISD0 = 0;
   111  007FB4  9095               	bcf	3989,0,c	;volatile
   112                           
   113                           ;main.c: 106: LATDbits.LATD0 = 1;
   114  007FB6  808C               	bsf	3980,0,c	;volatile
   115                           
   116                           ;main.c: 107: LATDbits.LATD1 = 1;
   117  007FB8  828C               	bsf	3980,1,c	;volatile
   118                           
   119                           ;main.c: 108: LATDbits.LATD2 = 1;
   120  007FBA  848C               	bsf	3980,2,c	;volatile
   121  007FBC                     l634:
   122                           
   123                           ;main.c: 112: delayX(10);
   124  007FBC  0E00               	movlw	0
   125  007FBE  6E02               	movwf	delayX@n+1,c
   126  007FC0  0E0A               	movlw	10
   127  007FC2  6E01               	movwf	delayX@n,c
   128  007FC4  ECE5  F03F         	call	_delayX	;wreg free
   129  007FC8  D7F9               	goto	l634
   130  007FCA                     __end_of_main:
   131                           	opt stack 0
   132                           
   133 ;; *************** function _delayX *****************
   134 ;; Defined at:
   135 ;;		line 90 in file "main.c"
   136 ;; Parameters:    Size  Location     Type
   137 ;;  n               2    0[COMRAM] int 
   138 ;; Auto vars:     Size  Location     Type
   139 ;;  i               2    3[COMRAM] int 
   140 ;; Return value:  Size  Location     Type
   141 ;;                  1    wreg      void 
   142 ;; Registers used:
   143 ;;		wreg, status,2, status,0
   144 ;; Tracked objects:
   145 ;;		On entry : 0/0
   146 ;;		On exit  : 0/0
   147 ;;		Unchanged: 0/0
   148 ;; Data sizes:     COMRAM   BANK0   BANK1   BANK2   BANK3   BANK4   BANK5
   149 ;;      Params:         2       0       0       0       0       0       0
   150 ;;      Locals:         2       0       0       0       0       0       0
   151 ;;      Temps:          1       0       0       0       0       0       0
   152 ;;      Totals:         5       0       0       0       0       0       0
   153 ;;Total ram usage:        5 bytes
   154 ;; Hardware stack levels used:    1
   155 ;; This function calls:
   156 ;;		Nothing
   157 ;; This function is called by:
   158 ;;		_main
   159 ;; This function uses a non-reentrant model
   160 ;;
   161                           
   162                           	psect	text1
   163  007FCA                     __ptext1:
   164                           	opt stack 0
   165  007FCA                     _delayX:
   166                           	opt stack 30
   167                           
   168                           ;main.c: 92: for(int i = 0; i < n; i++)
   169                           
   170                           ;incstack = 0
   171  007FCA  0E00               	movlw	0
   172  007FCC  6E05               	movwf	delayX@i+1,c
   173  007FCE  0E00               	movlw	0
   174  007FD0  6E04               	movwf	delayX@i,c
   175  007FD2  D00B               	goto	l9
   176  007FD4                     l628:
   177                           
   178                           ;main.c: 93: _delay((unsigned long)((1)*(16000000/4000.0)));
   179  007FD4  0E06               	movlw	6
   180  007FD6  6E03               	movwf	??_delayX& (0+255),c
   181  007FD8  0E30               	movlw	48
   182  007FDA                     u37:
   183  007FDA  2EE8               	decfsz	wreg,f,c
   184  007FDC  D7FE               	goto	u37
   185  007FDE  2E03               	decfsz	??_delayX& (0+255),f,c
   186  007FE0  D7FC               	goto	u37
   187  007FE2  F000 F000          	nop2	
   188  007FE6  4A04               	infsnz	delayX@i,f,c
   189  007FE8  2A05               	incf	delayX@i+1,f,c
   190  007FEA                     l9:
   191  007FEA  5001               	movf	delayX@n,w,c
   192  007FEC  5C04               	subwf	delayX@i,w,c
   193  007FEE  5005               	movf	delayX@i+1,w,c
   194  007FF0  0A80               	xorlw	128
   195  007FF2  6E03               	movwf	??_delayX& (0+255),c
   196  007FF4  5002               	movf	delayX@n+1,w,c
   197  007FF6  0A80               	xorlw	128
   198  007FF8  5803               	subwfb	??_delayX& (0+255),w,c
   199  007FFA  B0D8               	btfsc	status,0,c
   200  007FFC  0012               	return	
   201  007FFE  D7EA               	goto	l628
   202  008000                     __end_of_delayX:
   203                           	opt stack 0
   204  0000                     wreg	equ	0xFE8
   205                           status	equ	0xFD8
   206                           wreg	equ	0xFE8
   207                           status	equ	0xFD8
   208                           
   209                           	psect	rparam
   210  0000                     wreg	equ	0xFE8
   211                           status	equ	0xFD8


Data Sizes:
    Strings     0
    Constant    0
    Data        0
    BSS         0
    Persistent  0
    Stack       0

Auto Spaces:
    Space          Size  Autos    Used
    COMRAM           95      5       5
    BANK0           160      0       0
    BANK1           256      0       0
    BANK2           256      0       0
    BANK3           256      0       0
    BANK4           256      0       0
    BANK5           256      0       0

Pointer List with Targets:

    None.

Critical Paths under _main in COMRAM

    _main->_delayX

Critical Paths under _main in BANK0

    None.

Critical Paths under _main in BANK1

    None.

Critical Paths under _main in BANK2

    None.

Critical Paths under _main in BANK3

    None.

Critical Paths under _main in BANK4

    None.

Critical Paths under _main in BANK5

    None.

Call Graph Tables:

 ---------------------------------------------------------------------------------
 (Depth) Function   	        Calls       Base Space   Used Autos Params    Refs
 ---------------------------------------------------------------------------------
 (0) _main                                                 0     0      0      89
                             _delayX
 ---------------------------------------------------------------------------------
 (1) _delayX                                               5     3      2      89
                                              0 COMRAM     5     3      2
 ---------------------------------------------------------------------------------
 Estimated maximum stack depth 1
 ---------------------------------------------------------------------------------

 Call Graph Graphs:

 _main (ROOT)
   _delayX

 Address spaces:
Name               Size   Autos  Total    Cost      Usage
BITCOMRAM           5F      0       0       0        0.0%
EEDATA             100      0       0       0        0.0%
NULL                 0      0       0       0        0.0%
CODE                 0      0       0       0        0.0%
COMRAM              5F      5       5       1        5.3%
STACK                0      0       0       2        0.0%
DATA                 0      0       0       3        0.0%
BITBANK0            A0      0       0       4        0.0%
BANK0               A0      0       0       5        0.0%
BITBANK1           100      0       0       6        0.0%
BANK1              100      0       0       7        0.0%
BITBANK2           100      0       0       8        0.0%
BANK2              100      0       0       9        0.0%
BITBANK3           100      0       0      10        0.0%
BANK3              100      0       0      11        0.0%
BITBANK4           100      0       0      12        0.0%
BANK4              100      0       0      13        0.0%
BANK5              100      0       0      14        0.0%
ABS                  0      0       0      15        0.0%
BITBANK5           100      0       0      16        0.0%
BIGRAM             5FF      0       0      17        0.0%
BITSFR               0      0       0      40        0.0%
SFR                  0      0       0      40        0.0%


Microchip Technology PIC18 Macro Assembler V1.38 build -256452561 
Symbol Table                                                                                   Thu Sep  8 23:12:13 2016

                      l9 7FEA                       u37 7FDA             __CFG_CP0$OFF 000000  
           __CFG_CP1$OFF 000000             __CFG_CP2$OFF 000000             __CFG_CP3$OFF 000000  
                    l634 7FBC                      l628 7FD4             __CFG_CPB$OFF 000000  
           __CFG_CPD$OFF 000000             __CFG_BORV$18 000000                      wreg 000FE8  
           __CFG_LVP$OFF 000000                     _main 7FA6                     start 0000  
          __CFG_IESO$OFF 000000            __CFG_MCLRE$ON 000000             ___param_bank 000010  
                  ?_main 0001            __CFG_PWRT$OFF 000000            __CFG_WRT0$OFF 000000  
          __CFG_WRT1$OFF 000000            __CFG_WRT2$OFF 000000            __CFG_WRT3$OFF 000000  
         __CFG_EBTR0$OFF 000000           __CFG_FCMEN$OFF 000000           __CFG_EBTR1$OFF 000000  
         __CFG_EBTR2$OFF 000000           __CFG_EBTR3$OFF 000000            __CFG_WRTB$OFF 000000  
          __CFG_WRTC$OFF 000000            __CFG_WRTD$OFF 000000           __CFG_EBTRB$OFF 000000  
         __CFG_BOREN$OFF 000000                    status 000FD8           __CFG_HFOFST$ON 000000  
         __CFG_PBADEN$ON 000000          __initialization 7FA0             __end_of_main 7FCA  
                 ??_main 0006            __activetblptr 000000           __CFG_WDTEN$OFF 000000  
         __CFG_XINST$OFF 000000           __CFG_STVREN$ON 000000                   _delayX 7FCA  
             __accesstop 0060  __end_of__initialization 7FA0            ___rparam_used 000001  
         __pcstackCOMRAM 0001                  ?_delayX 0001                  __Hparam 0000  
                __Lparam 0000          __size_of_delayX 0036                  __pcinit 7FA0  
                __ramtop 0600                  __ptext0 7FA6                  __ptext1 7FCA  
                delayX@i 0004                  delayX@n 0001     end_of_initialization 7FA0  
              _TRISDbits 000F95           __end_of_delayX 8000      start_initialization 7FA0  
               ??_delayX 0003         __CFG_LPT1OSC$OFF 000000        __CFG_CCP2MX$PORTC 000000  
               _LATDbits 000F8C         __CFG_WDTPS$32768 000000                 __Hrparam 0000  
               __Lrparam 0000            __size_of_main 0024        __CFG_FOSC$INTIO67 000000  
